#
# There is insufficient memory for the Java Runtime Environment to continue.
# Native memory allocation (malloc) failed to allocate 1048576 bytes for AllocateHeap
# Possible reasons:
#   The system is out of physical RAM or swap space
#   The process is running with CompressedOops enabled, and the Java Heap may be blocking the growth of the native heap
# Possible solutions:
#   Reduce memory load on the system
#   Increase physical memory or swap space
#   Check if swap backing store is full
#   Decrease Java heap size (-Xmx/-Xms)
#   Decrease number of Java threads
#   Decrease Java thread stack sizes (-Xss)
#   Set larger code cache with -XX:ReservedCodeCacheSize=
#   JVM is running with Unscaled Compressed Oops mode in which the Java heap is
#     placed in the first 4GB address space. The Java Heap base address is the
#     maximum limit for the native heap growth. Please use -XX:HeapBaseMinAddress
#     to set the Java Heap base and to place the Java Heap above 4GB virtual address.
# This output file may be truncated or incomplete.
#
#  Out of Memory Error (memory/allocation.inline.hpp:61), pid=4936, tid=0x0000000000001714
#
# JRE version:  (8.0_242-b01) (build )
# Java VM: OpenJDK 64-Bit Server VM (25.242-b01 mixed mode windows-amd64 compressed oops)
# Failed to write core dump. Minidumps are not enabled by default on client versions of Windows
#

---------------  T H R E A D  ---------------

Current thread (0x000000000295e000):  JavaThread "Unknown thread" [_thread_in_vm, id=5908, stack(0x0000000002840000,0x0000000002940000)]

Stack: [0x0000000002840000,0x0000000002940000]
[error occurred during error reporting (printing stack bounds), id 0xc0000005]

Native frames: (J=compiled Java code, j=interpreted, Vv=VM code, C=native code)


---------------  P R O C E S S  ---------------

Java Threads: ( => current thread )

Other Threads:

=>0x000000000295e000 (exited) JavaThread "Unknown thread" [_thread_in_vm, id=5908, stack(0x0000000002840000,0x0000000002940000)]

VM state:not at safepoint (normal execution)

VM Mutex/Monitor currently owned by a thread: None

heap address: 0x00000000c1a00000, size: 998 MB, Compressed Oops mode: 32-bit
Narrow klass base: 0x0000000000000000, Narrow klass shift: 3
Compressed class space size: 1073741824 Address: 0x0000000100000000

Heap:
 PSYoungGen      total 18944K, used 327K [0x00000000eb380000, 0x00000000ec880000, 0x0000000100000000)
  eden space 16384K, 2% used [0x00000000eb380000,0x00000000eb3d1ec8,0x00000000ec380000)
  from space 2560K, 0% used [0x00000000ec600000,0x00000000ec600000,0x00000000ec880000)
  to   space 2560K, 0% used [0x00000000ec380000,0x00000000ec380000,0x00000000ec600000)
 ParOldGen       total 44032K, used 0K [0x00000000c1a00000, 0x00000000c4500000, 0x00000000eb380000)
  object space 44032K, 0% used [0x00000000c1a00000,0x00000000c1a00000,0x00000000c4500000)
 Metaspace       used 779K, capacity 4480K, committed 4480K, reserved 1056768K
  class space    used 74K, capacity 384K, committed 384K, reserved 1048576K

Card table byte_map: [0x0000000011e60000,0x0000000012060000] byte_map_base: 0x0000000011853000

Marking Bits: (ParMarkBitMap*) 0x00000000535bf030
 Begin Bits: [0x00000000125b0000, 0x0000000013548000)
 End Bits:   [0x0000000013548000, 0x00000000144e0000)

Polling page: 0x0000000001010000

CodeCache: size=245760Kb used=328Kb max_used=328Kb free=245431Kb
 bounds [0x0000000002aa0000, 0x0000000002d10000, 0x0000000011aa0000]
 total_blobs=57 nmethods=0 adapters=38
 compilation: enabled

Compilation events (0 events):
No events

GC Heap History (0 events):
No events

Deoptimization events (0 events):
No events

Classes redefined (0 events):
No events

Internal exceptions (0 events):
No events

Events (10 events):
Event: 0.726 loading class java/lang/Short
Event: 0.726 loading class java/lang/Short done
Event: 0.726 loading class java/lang/Integer
Event: 0.726 loading class java/lang/Integer done
Event: 0.726 loading class java/lang/Long
Event: 0.726 loading class java/lang/Long done
Event: 0.727 loading class java/lang/NullPointerException
Event: 0.728 loading class java/lang/NullPointerException done
Event: 0.728 loading class java/lang/ArithmeticException
Event: 0.728 loading class java/lang/ArithmeticException done


Dynamic libraries:
0x00007ff7742a0000 - 0x00007ff7742d1000 	C:\Program Files\Android\Android Studio\jre\jre\bin\java.exe
0x00007ff8028e0000 - 0x00007ff802a8c000 	C:\Windows\SYSTEM32\ntdll.dll
0x00007ff800280000 - 0x00007ff8003be000 	C:\Windows\system32\KERNEL32.DLL
0x00007fffd75a0000 - 0x00007fffd75b3000 	C:\Program Files\Avast Software\Avast\aswhook.dll
0x00007fffffcb0000 - 0x00007fffffdc5000 	C:\Windows\system32\KERNELBASE.dll
0x00007ffffff30000 - 0x00007ffffffda000 	C:\Windows\system32\ADVAPI32.dll
0x00007ff8003c0000 - 0x00007ff800537000 	C:\Windows\system32\USER32.dll
0x00007ffffd330000 - 0x00007ffffd5ab000 	C:\Windows\WinSxS\amd64_microsoft.windows.common-controls_6595b64144ccf1df_6.0.9600.17415_none_6240486fecbd8abb\COMCTL32.dll
0x00007ff800540000 - 0x00007ff8005ea000 	C:\Windows\system32\msvcrt.dll
0x00007ff8005f0000 - 0x00007ff800649000 	C:\Windows\SYSTEM32\sechost.dll
0x00007ff8009a0000 - 0x00007ff800ae1000 	C:\Windows\system32\RPCRT4.dll
0x00007ff801080000 - 0x00007ff8011d1000 	C:\Windows\system32\GDI32.dll
0x00007ff801040000 - 0x00007ff801076000 	C:\Windows\system32\IMM32.DLL
0x00007ff800e00000 - 0x00007ff800f53000 	C:\Windows\system32\MSCTF.dll
0x00000000523c0000 - 0x0000000052492000 	C:\Program Files\Android\Android Studio\jre\jre\bin\msvcr100.dll
0x0000000052df0000 - 0x000000005363b000 	C:\Program Files\Android\Android Studio\jre\jre\bin\server\jvm.dll
0x00007ffff7c20000 - 0x00007ffff7c29000 	C:\Windows\SYSTEM32\WSOCK32.dll
0x00007ffffd760000 - 0x00007ffffd782000 	C:\Windows\SYSTEM32\WINMM.dll
0x00007ffffe1e0000 - 0x00007ffffe1ea000 	C:\Windows\SYSTEM32\VERSION.dll
0x00007ff800af0000 - 0x00007ff800af7000 	C:\Windows\system32\PSAPI.DLL
0x00007ff800210000 - 0x00007ff80026a000 	C:\Windows\system32\WS2_32.dll
0x00007ffffce80000 - 0x00007ffffceaa000 	C:\Windows\SYSTEM32\WINMMBASE.dll
0x00007ff800270000 - 0x00007ff800279000 	C:\Windows\system32\NSI.dll
0x00007fffffdd0000 - 0x00007fffffe1f000 	C:\Windows\SYSTEM32\cfgmgr32.dll
0x00007ffffe800000 - 0x00007ffffe828000 	C:\Windows\SYSTEM32\DEVOBJ.dll
0x00007ffffb060000 - 0x00007ffffb06f000 	C:\Program Files\Android\Android Studio\jre\jre\bin\verify.dll
0x00007ffffafa0000 - 0x00007ffffafc9000 	C:\Program Files\Android\Android Studio\jre\jre\bin\java.dll
0x00007ffffaf80000 - 0x00007ffffaf96000 	C:\Program Files\Android\Android Studio\jre\jre\bin\zip.dll

VM Arguments:
java_command: org.jetbrains.git4idea.http.GitAskPassApp Username for 'https://github.com': 
java_class_path (initial): C:/Program Files/Android/Android Studio/plugins/git4idea/lib/git4idea-rt.jar;C:/Program Files/Android/Android Studio/lib/xmlrpc-2.0.1.jar;C:/Program Files/Android/Android Studio/lib/commons-codec-1.14.jar;C:/Program Files/Android/Android Studio/lib/util.jar
Launcher Type: SUN_STANDARD

Environment Variables:
PATH=C:/Program Files/Git/mingw64/libexec/git-core;C:/Program Files/Git/mingw64/libexec/git-core;C:\Program Files\Git\mingw64\bin;C:\Program Files\Git\usr\bin;C:\Users\Admin\bin;C:\Program Files (x86)\NVIDIA Corporation\PhysX\Common;C:\Program Files (x86)\Common Files\Oracle\Java\javapath;C:\ProgramData\Oracle\Java\javapath;C:\Windows\system32;C:\Windows;C:\Windows\System32\Wbem;C:\Windows\System32\WindowsPowerShell\v1.0\;C:\Program Files\Microsoft SQL Server\Client SDK\ODBC\110\Tools\Binn\;C:\Program Files (x86)\Microsoft SQL Server\120\Tools\Binn\;C:\Program Files\Microsoft SQL Server\120\Tools\Binn\;C:\Program Files\Microsoft SQL Server\120\DTS\Binn\;C:\Program Files (x86)\Windows Kits\8.1\Windows Performance Toolkit\;C:\Program Files\Git\cmd;C:\Users\Admin\AppData\Local\Programs\MiKTeX 2.9\miktex\bin\x64\
USERNAME=Admin
DISPLAY=:0.0
OS=Windows_NT
PROCESSOR_IDENTIFIER=Intel64 Family 6 Model 60 Stepping 3, GenuineIntel



---------------  S Y S T E M  ---------------

OS: Windows 8.1 , 64 bit Build 9600 (6.3.9600.17415)

CPU:total 4 (initial active 4) (2 cores per cpu, 2 threads per core) family 6 model 60 stepping 3, cmov, cx8, fxsr, mmx, sse, sse2, sse3, ssse3, sse4.1, sse4.2, popcnt, avx, avx2, aes, clmul, erms, lzcnt, ht, tsc, tscinvbit, bmi1, bmi2

Memory: 4k page, physical 4087488k(311916k free), swap 7233216k(5488k free)

vm_info: OpenJDK 64-Bit Server VM (25.242-b01) for windows-amd64 JRE (1.8.0_242-release-1644-b01), built by "builder" with MS VC++ 10.0 (VS2010)

time: Fri May 07 21:44:06 2021
timezone: Hora estándar oeste, Sudamérica
elapsed time: 1 seconds (0d 0h 0m 1s)

